<?xml version="1.0" encoding="UTF-8"?>
<!-- Generated by org.testng.reporters.JUnitReportReporter -->
<testsuite hostname="DESKTOP-CERQ2TN" failures="0" tests="1" name="TC_Login" time="23.887" errors="0" timestamp="2021-05-09T13:04:09 IST" skipped="0">
  <testcase classname="TC_Login" name="Login" time="23.887"/>
  <system-out/>
</testsuite> <!-- TC_Login -->
